{"numFailedTestSuites":0,"numFailedTests":0,"numPassedTestSuites":3,"numPassedTests":4,"numPendingTestSuites":0,"numPendingTests":0,"numRuntimeErrorTestSuites":0,"numTodoTests":0,"numTotalTestSuites":3,"numTotalTests":4,"openHandles":[],"snapshot":{"added":0,"didUpdate":false,"failure":false,"filesAdded":0,"filesRemoved":0,"filesRemovedList":[],"filesUnmatched":0,"filesUpdated":0,"matched":0,"total":0,"unchecked":0,"uncheckedKeysByFile":[],"unmatched":0,"updated":0},"startTime":1759826093428,"success":true,"testResults":[{"assertionResults":[{"ancestorTitles":["AarcgisMapComponent"],"duration":45,"failureDetails":[],"failureMessages":[],"fullName":"AarcgisMapComponent should create","invocations":1,"location":null,"numPassingAsserts":1,"retryReasons":[],"status":"passed","title":"should create"}],"endTime":1759826094684,"message":"","name":"/Users/kiranpolisetty/Documents/angular-projects/arcgis-map-demo/src/app/aarcgis-map/aarcgis-map.component.spec.ts","startTime":1759826093887,"status":"passed","summary":""},{"assertionResults":[{"ancestorTitles":["AppComponent"],"duration":7,"failureDetails":[],"failureMessages":[],"fullName":"AppComponent should create the app","invocations":1,"location":null,"numPassingAsserts":1,"retryReasons":[],"status":"passed","title":"should create the app"},{"ancestorTitles":["AppComponent"],"duration":3,"failureDetails":[],"failureMessages":[],"fullName":"AppComponent should have as title 'arcgis-map-demo'","invocations":1,"location":null,"numPassingAsserts":1,"retryReasons":[],"status":"passed","title":"should have as title 'arcgis-map-demo'"}],"endTime":1759826094811,"message":"","name":"/Users/kiranpolisetty/Documents/angular-projects/arcgis-map-demo/src/app/app.component.spec.ts","startTime":1759826094695,"status":"passed","summary":""},{"assertionResults":[{"ancestorTitles":["MapCardComponent"],"duration":16,"failureDetails":[],"failureMessages":[],"fullName":"MapCardComponent should create","invocations":1,"location":null,"numPassingAsserts":1,"retryReasons":[],"status":"passed","title":"should create"}],"endTime":1759826094939,"message":"","name":"/Users/kiranpolisetty/Documents/angular-projects/arcgis-map-demo/src/app/map-card/map-card.component.spec.ts","startTime":1759826094817,"status":"passed","summary":""}],"wasInterrupted":false}
